-------------------------------------------------------------------------------
Test set: com.portfolio.api.ApiApplicationTests
-------------------------------------------------------------------------------
<<<<<<< HEAD
<<<<<<< HEAD
Tests run: 1, Failures: 0, Errors: 0, Skipped: 0, Time elapsed: 4.046 s - in com.portfolio.api.ApiApplicationTests
=======
Tests run: 1, Failures: 0, Errors: 0, Skipped: 0, Time elapsed: 6.845 s - in com.portfolio.api.ApiApplicationTests
>>>>>>> feature-refactor-endpoint
=======
Tests run: 1, Failures: 0, Errors: 0, Skipped: 0, Time elapsed: 6.426 s - in com.portfolio.api.ApiApplicationTests
>>>>>>> feature-refactor-endpoint
